生成启动时间为 2020/12/30 14:22:12。
     1>项目“c:\Users\45819\documents\visual studio 2010\Projects\ShellcodeLoader\ShellcodeLoader\ShellcodeLoader.vcxproj”在节点 2 上(build 个目标)。
     1>InitializeBuildStatus:
         正在创建“Debug\ShellcodeLoader.unsuccessfulbuild”，因为已指定“AlwaysCreate”。
       ClCompile:
         所有输出均为最新。
         C:\Program Files (x86)\Microsoft Visual Studio 10.0\VC\bin\CL.exe /c /ZI /nologo /W3 /WX- /Od /Oy- /D WIN32 /D _DEBUG /D _CONSOLE /D _MBCS /Gm /EHsc /RTC1 /MDd /GS /fp:precise /Zc:wchar_t /Zc:forScope /Yu"StdAfx.h" /Fp"Debug\ShellcodeLoader.pch" /Fo"Debug\\" /Fd"Debug\vc100.pdb" /Gd /TP /analyze- /errorReport:prompt ShellcodeLoader.cpp
         ShellcodeLoader.cpp
       ManifestResourceCompile:
         所有输出均为最新。
       Link:
         C:\Program Files (x86)\Microsoft Visual Studio 10.0\VC\bin\link.exe /ERRORREPORT:PROMPT /OUT:"c:\users\45819\documents\visual studio 2010\Projects\ShellcodeLoader\Debug\ShellcodeLoader.exe" /INCREMENTAL /NOLOGO kernel32.lib user32.lib gdi32.lib winspool.lib comdlg32.lib advapi32.lib shell32.lib ole32.lib oleaut32.lib uuid.lib odbc32.lib odbccp32.lib /MANIFEST /ManifestFile:"Debug\ShellcodeLoader.exe.intermediate.manifest" /MANIFESTUAC:"level='asInvoker' uiAccess='false'" /DEBUG /PDB:"c:\users\45819\documents\visual studio 2010\Projects\ShellcodeLoader\Debug\ShellcodeLoader.pdb" /SUBSYSTEM:CONSOLE /TLBID:1 /DYNAMICBASE /NXCOMPAT /IMPLIB:"c:\users\45819\documents\visual studio 2010\Projects\ShellcodeLoader\Debug\ShellcodeLoader.lib" /MACHINE:X86 Debug\ShellcodeLoader.exe.embed.manifest.res
         Debug\RC4.obj
         Debug\ShellcodeLoader.obj
         Debug\stdafx.obj
       Manifest:
         C:\Program Files (x86)\Microsoft SDKs\Windows\v7.0A\bin\mt.exe /nologo /verbose /out:"Debug\ShellcodeLoader.exe.embed.manifest" /manifest Debug\ShellcodeLoader.exe.intermediate.manifest
         所有输出均为最新。
       LinkEmbedManifest:
         所有输出均为最新。
         ShellcodeLoader.vcxproj -> c:\users\45819\documents\visual studio 2010\Projects\ShellcodeLoader\Debug\ShellcodeLoader.exe
       FinalizeBuildStatus:
         正在删除文件“Debug\ShellcodeLoader.unsuccessfulbuild”。
         正在对“Debug\ShellcodeLoader.lastbuildstate”执行 Touch 任务。
     1>已完成生成项目“c:\Users\45819\documents\visual studio 2010\Projects\ShellcodeLoader\ShellcodeLoader\ShellcodeLoader.vcxproj”(build 个目标)的操作。

生成成功。

已用时间 00:00:00.55
