C:\USERS\45819\DOCUMENTS\VISUAL STUDIO 2010\PROJECTS\SHELLCODELOADER\DEBUG\SHELLCODELOADER.EXE
C:\USERS\45819\DOCUMENTS\VISUAL STUDIO 2010\PROJECTS\SHELLCODELOADER\DEBUG\SHELLCODELOADER.ILK
C:\USERS\45819\DOCUMENTS\VISUAL STUDIO 2010\PROJECTS\SHELLCODELOADER\DEBUG\SHELLCODELOADER.PDB
c:\Users\45819\documents\visual studio 2010\Projects\ShellcodeLoader\ShellcodeLoader\Debug\cl.command.1.tlog
c:\Users\45819\documents\visual studio 2010\Projects\ShellcodeLoader\ShellcodeLoader\Debug\CL.read.1.tlog
c:\Users\45819\documents\visual studio 2010\Projects\ShellcodeLoader\ShellcodeLoader\Debug\CL.write.1.tlog
c:\Users\45819\documents\visual studio 2010\Projects\ShellcodeLoader\ShellcodeLoader\Debug\link.8504.read.1.tlog
c:\Users\45819\documents\visual studio 2010\Projects\ShellcodeLoader\ShellcodeLoader\Debug\link.8504.write.1.tlog
c:\Users\45819\documents\visual studio 2010\Projects\ShellcodeLoader\ShellcodeLoader\Debug\link.8504-cvtres.read.1.tlog
c:\Users\45819\documents\visual studio 2010\Projects\ShellcodeLoader\ShellcodeLoader\Debug\link.8504-cvtres.write.1.tlog
c:\Users\45819\documents\visual studio 2010\Projects\ShellcodeLoader\ShellcodeLoader\Debug\link.command.1.tlog
c:\Users\45819\documents\visual studio 2010\Projects\ShellcodeLoader\ShellcodeLoader\Debug\link.read.1.tlog
c:\Users\45819\documents\visual studio 2010\Projects\ShellcodeLoader\ShellcodeLoader\Debug\link.write.1.tlog
c:\Users\45819\documents\visual studio 2010\Projects\ShellcodeLoader\ShellcodeLoader\Debug\link-cvtres.read.1.tlog
c:\Users\45819\documents\visual studio 2010\Projects\ShellcodeLoader\ShellcodeLoader\Debug\link-cvtres.write.1.tlog
c:\Users\45819\documents\visual studio 2010\Projects\ShellcodeLoader\ShellcodeLoader\Debug\mt.command.1.tlog
c:\Users\45819\documents\visual studio 2010\Projects\ShellcodeLoader\ShellcodeLoader\Debug\mt.read.1.tlog
c:\Users\45819\documents\visual studio 2010\Projects\ShellcodeLoader\ShellcodeLoader\Debug\mt.write.1.tlog
c:\Users\45819\documents\visual studio 2010\Projects\ShellcodeLoader\ShellcodeLoader\Debug\rc.command.1.tlog
c:\Users\45819\documents\visual studio 2010\Projects\ShellcodeLoader\ShellcodeLoader\Debug\rc.read.1.tlog
c:\Users\45819\documents\visual studio 2010\Projects\ShellcodeLoader\ShellcodeLoader\Debug\rc.write.1.tlog
C:\USERS\45819\DOCUMENTS\VISUAL STUDIO 2010\PROJECTS\SHELLCODELOADER\SHELLCODELOADER\DEBUG\SHELLCODELOADER.EXE.EMBED.MANIFEST
C:\USERS\45819\DOCUMENTS\VISUAL STUDIO 2010\PROJECTS\SHELLCODELOADER\SHELLCODELOADER\DEBUG\SHELLCODELOADER.EXE.EMBED.MANIFEST.RES
C:\USERS\45819\DOCUMENTS\VISUAL STUDIO 2010\PROJECTS\SHELLCODELOADER\SHELLCODELOADER\DEBUG\SHELLCODELOADER.EXE.INTERMEDIATE.MANIFEST
C:\USERS\45819\DOCUMENTS\VISUAL STUDIO 2010\PROJECTS\SHELLCODELOADER\SHELLCODELOADER\DEBUG\SHELLCODELOADER.OBJ
C:\USERS\45819\DOCUMENTS\VISUAL STUDIO 2010\PROJECTS\SHELLCODELOADER\SHELLCODELOADER\DEBUG\SHELLCODELOADER.PCH
c:\Users\45819\documents\visual studio 2010\Projects\ShellcodeLoader\ShellcodeLoader\Debug\ShellcodeLoader.write.1.tlog
c:\Users\45819\documents\visual studio 2010\Projects\ShellcodeLoader\ShellcodeLoader\Debug\ShellcodeLoader_manifest.rc
C:\USERS\45819\DOCUMENTS\VISUAL STUDIO 2010\PROJECTS\SHELLCODELOADER\SHELLCODELOADER\DEBUG\STDAFX.OBJ
c:\Users\45819\documents\visual studio 2010\Projects\ShellcodeLoader\ShellcodeLoader\Debug\vc100.idb
C:\USERS\45819\DOCUMENTS\VISUAL STUDIO 2010\PROJECTS\SHELLCODELOADER\SHELLCODELOADER\DEBUG\VC100.PDB
