C:\USERS\45819\DOCUMENTS\VISUAL STUDIO 2010\PROJECTS\SHELLCODELOADER\RELEASE\SHELLCODELOADER.EXE
C:\USERS\45819\DOCUMENTS\VISUAL STUDIO 2010\PROJECTS\SHELLCODELOADER\RELEASE\SHELLCODELOADER.PDB
C:\Users\45819\Documents\Visual Studio 2010\Projects\ShellcodeLoader\ShellcodeLoader\Release\cl.command.1.tlog
C:\Users\45819\Documents\Visual Studio 2010\Projects\ShellcodeLoader\ShellcodeLoader\Release\CL.read.1.tlog
C:\Users\45819\Documents\Visual Studio 2010\Projects\ShellcodeLoader\ShellcodeLoader\Release\CL.write.1.tlog
C:\Users\45819\Documents\Visual Studio 2010\Projects\ShellcodeLoader\ShellcodeLoader\Release\link.command.1.tlog
C:\Users\45819\Documents\Visual Studio 2010\Projects\ShellcodeLoader\ShellcodeLoader\Release\link.read.1.tlog
C:\Users\45819\Documents\Visual Studio 2010\Projects\ShellcodeLoader\ShellcodeLoader\Release\link.write.1.tlog
C:\Users\45819\Documents\Visual Studio 2010\Projects\ShellcodeLoader\ShellcodeLoader\Release\mt.command.1.tlog
C:\Users\45819\Documents\Visual Studio 2010\Projects\ShellcodeLoader\ShellcodeLoader\Release\mt.read.1.tlog
C:\Users\45819\Documents\Visual Studio 2010\Projects\ShellcodeLoader\ShellcodeLoader\Release\mt.write.1.tlog
C:\USERS\45819\DOCUMENTS\VISUAL STUDIO 2010\PROJECTS\SHELLCODELOADER\SHELLCODELOADER\RELEASE\NTAPI.OBJ
C:\USERS\45819\DOCUMENTS\VISUAL STUDIO 2010\PROJECTS\SHELLCODELOADER\SHELLCODELOADER\RELEASE\RC4.OBJ
C:\USERS\45819\DOCUMENTS\VISUAL STUDIO 2010\PROJECTS\SHELLCODELOADER\SHELLCODELOADER\RELEASE\SHELLCODEDATA.OBJ
C:\USERS\45819\DOCUMENTS\VISUAL STUDIO 2010\PROJECTS\SHELLCODELOADER\SHELLCODELOADER\RELEASE\SHELLCODELOADER.EXE.INTERMEDIATE.MANIFEST
C:\USERS\45819\DOCUMENTS\VISUAL STUDIO 2010\PROJECTS\SHELLCODELOADER\SHELLCODELOADER\RELEASE\SHELLCODELOADER.OBJ
C:\USERS\45819\DOCUMENTS\VISUAL STUDIO 2010\PROJECTS\SHELLCODELOADER\SHELLCODELOADER\RELEASE\SHELLCODELOADER.PCH
C:\Users\45819\Documents\Visual Studio 2010\Projects\ShellcodeLoader\ShellcodeLoader\Release\ShellcodeLoader.write.1.tlog
C:\USERS\45819\DOCUMENTS\VISUAL STUDIO 2010\PROJECTS\SHELLCODELOADER\SHELLCODELOADER\RELEASE\STDAFX.OBJ
C:\USERS\45819\DOCUMENTS\VISUAL STUDIO 2010\PROJECTS\SHELLCODELOADER\SHELLCODELOADER\RELEASE\VC100.PDB
