生成启动时间为 2021/1/2 21:18:44。
     1>项目“C:\Users\45819\Documents\Visual Studio 2010\Projects\ShellcodeLoader\ShellcodeLoader\ShellcodeLoader.vcxproj”在节点 2 上(build 个目标)。
     1>InitializeBuildStatus:
         正在创建“Release\ShellcodeLoader.unsuccessfulbuild”，因为已指定“AlwaysCreate”。
       ClCompile:
         所有输出均为最新。
         C:\Program Files (x86)\Microsoft Visual Studio 10.0\VC\bin\CL.exe /c /Zi /nologo /W3 /WX- /O2 /Oi /Oy- /GL /D WIN32 /D NDEBUG /D _CONSOLE /D _MBCS /Gm- /EHsc /MD /GS- /Gy /fp:precise /Zc:wchar_t /Zc:forScope /Yu"StdAfx.h" /Fp"Release\ShellcodeLoader.pch" /Fo"Release\\" /Fd"Release\vc100.pdb" /Gd /TP /analyze- /errorReport:prompt ShellcodeData.cpp ShellcodeLoader.cpp
         ShellcodeData.cpp
         ShellcodeLoader.cpp
       Link:
         C:\Program Files (x86)\Microsoft Visual Studio 10.0\VC\bin\link.exe /ERRORREPORT:PROMPT /OUT:"C:\Users\45819\Documents\Visual Studio 2010\Projects\ShellcodeLoader\Release\ShellcodeLoader.exe" /INCREMENTAL:NO /NOLOGO kernel32.lib user32.lib gdi32.lib winspool.lib comdlg32.lib advapi32.lib shell32.lib ole32.lib oleaut32.lib uuid.lib odbc32.lib odbccp32.lib /MANIFEST /ManifestFile:"Release\ShellcodeLoader.exe.intermediate.manifest" /MANIFESTUAC:"level='asInvoker' uiAccess='false'" /DEBUG /PDB:"C:\Users\45819\Documents\Visual Studio 2010\Projects\ShellcodeLoader\Release\ShellcodeLoader.pdb" /SUBSYSTEM:CONSOLE /OPT:REF /OPT:ICF /LTCG /TLBID:1 /DYNAMICBASE /NXCOMPAT /IMPLIB:"C:\Users\45819\Documents\Visual Studio 2010\Projects\ShellcodeLoader\Release\ShellcodeLoader.lib" /MACHINE:X86 Release\NtApi.obj
         Release\RC4.obj
         Release\ShellcodeData.obj
         Release\ShellcodeLoader.obj
         Release\stdafx.obj
         正在生成代码
         已完成代码的生成
         ShellcodeLoader.vcxproj -> C:\Users\45819\Documents\Visual Studio 2010\Projects\ShellcodeLoader\Release\ShellcodeLoader.exe
       Manifest:
         C:\Program Files (x86)\Microsoft SDKs\Windows\v7.0A\bin\mt.exe /nologo /verbose /out:"C:\Users\45819\Documents\Visual Studio 2010\Projects\ShellcodeLoader\Release\ShellcodeLoader.exe.manifest" /manifest Release\ShellcodeLoader.exe.intermediate.manifest
       FinalizeBuildStatus:
         正在删除文件“Release\ShellcodeLoader.unsuccessfulbuild”。
         正在对“Release\ShellcodeLoader.lastbuildstate”执行 Touch 任务。
     1>已完成生成项目“C:\Users\45819\Documents\Visual Studio 2010\Projects\ShellcodeLoader\ShellcodeLoader\ShellcodeLoader.vcxproj”(build 个目标)的操作。

生成成功。

已用时间 00:01:19.44
